<?xml version="1.0" encoding="UTF-8"?>
<testsuite xmlns:xsi="http://www.w3.org/2001/XMLSchema-instance" xsi:noNamespaceSchemaLocation="https://maven.apache.org/surefire/maven-surefire-plugin/xsd/surefire-test-report.xsd" name="TestSuite" time="25.792" tests="5" errors="0" skipped="0" failures="0">
  <properties>
    <property name="gopherProxySet" value="false"/>
    <property name="awt.toolkit" value="sun.lwawt.macosx.LWCToolkit"/>
    <property name="file.encoding.pkg" value="sun.io"/>
    <property name="java.specification.version" value="1.8"/>
    <property name="sun.cpu.isalist" value=""/>
    <property name="sun.jnu.encoding" value="UTF-8"/>
    <property name="java.class.path" value="/Users/pavan/PlivoApiTestingAssignment/target/test-classes:/Users/pavan/PlivoApiTestingAssignment/target/classes:/Users/pavan/.m2/repository/io/rest-assured/rest-assured/3.1.0/rest-assured-3.1.0.jar:/Users/pavan/.m2/repository/org/codehaus/groovy/groovy/2.4.12/groovy-2.4.12.jar:/Users/pavan/.m2/repository/org/codehaus/groovy/groovy-xml/2.4.12/groovy-xml-2.4.12.jar:/Users/pavan/.m2/repository/org/apache/httpcomponents/httpclient/4.5.3/httpclient-4.5.3.jar:/Users/pavan/.m2/repository/org/apache/httpcomponents/httpcore/4.4.6/httpcore-4.4.6.jar:/Users/pavan/.m2/repository/commons-logging/commons-logging/1.2/commons-logging-1.2.jar:/Users/pavan/.m2/repository/org/apache/httpcomponents/httpmime/4.5.1/httpmime-4.5.1.jar:/Users/pavan/.m2/repository/org/hamcrest/hamcrest-core/1.3/hamcrest-core-1.3.jar:/Users/pavan/.m2/repository/org/hamcrest/hamcrest-library/1.3/hamcrest-library-1.3.jar:/Users/pavan/.m2/repository/org/ccil/cowan/tagsoup/tagsoup/1.2.1/tagsoup-1.2.1.jar:/Users/pavan/.m2/repository/io/rest-assured/xml-path/3.1.0/xml-path-3.1.0.jar:/Users/pavan/.m2/repository/org/apache/commons/commons-lang3/3.4/commons-lang3-3.4.jar:/Users/pavan/.m2/repository/javax/xml/bind/jaxb-api/2.2.12/jaxb-api-2.2.12.jar:/Users/pavan/.m2/repository/io/rest-assured/json-schema-validator/3.1.0/json-schema-validator-3.1.0.jar:/Users/pavan/.m2/repository/com/github/fge/json-schema-validator/2.2.6/json-schema-validator-2.2.6.jar:/Users/pavan/.m2/repository/com/google/code/findbugs/jsr305/3.0.0/jsr305-3.0.0.jar:/Users/pavan/.m2/repository/joda-time/joda-time/2.3/joda-time-2.3.jar:/Users/pavan/.m2/repository/com/googlecode/libphonenumber/libphonenumber/6.2/libphonenumber-6.2.jar:/Users/pavan/.m2/repository/com/github/fge/json-schema-core/1.2.5/json-schema-core-1.2.5.jar:/Users/pavan/.m2/repository/com/github/fge/uri-template/0.9/uri-template-0.9.jar:/Users/pavan/.m2/repository/com/github/fge/msg-simple/1.1/msg-simple-1.1.jar:/Users/pavan/.m2/repository/com/github/fge/btf/1.2/btf-1.2.jar:/Users/pavan/.m2/repository/com/google/guava/guava/16.0.1/guava-16.0.1.jar:/Users/pavan/.m2/repository/com/github/fge/jackson-coreutils/1.8/jackson-coreutils-1.8.jar:/Users/pavan/.m2/repository/com/fasterxml/jackson/core/jackson-databind/2.2.3/jackson-databind-2.2.3.jar:/Users/pavan/.m2/repository/com/fasterxml/jackson/core/jackson-annotations/2.2.3/jackson-annotations-2.2.3.jar:/Users/pavan/.m2/repository/com/fasterxml/jackson/core/jackson-core/2.2.3/jackson-core-2.2.3.jar:/Users/pavan/.m2/repository/org/mozilla/rhino/1.7R4/rhino-1.7R4.jar:/Users/pavan/.m2/repository/javax/mail/mailapi/1.4.3/mailapi-1.4.3.jar:/Users/pavan/.m2/repository/javax/activation/activation/1.1/activation-1.1.jar:/Users/pavan/.m2/repository/net/sf/jopt-simple/jopt-simple/4.6/jopt-simple-4.6.jar:/Users/pavan/.m2/repository/io/rest-assured/json-path/3.1.0/json-path-3.1.0.jar:/Users/pavan/.m2/repository/org/codehaus/groovy/groovy-json/2.4.12/groovy-json-2.4.12.jar:/Users/pavan/.m2/repository/io/rest-assured/rest-assured-common/3.1.0/rest-assured-common-3.1.0.jar:/Users/pavan/.m2/repository/com/jayway/jsonpath/json-path/2.2.0/json-path-2.2.0.jar:/Users/pavan/.m2/repository/net/minidev/json-smart/2.2.1/json-smart-2.2.1.jar:/Users/pavan/.m2/repository/net/minidev/accessors-smart/1.1/accessors-smart-1.1.jar:/Users/pavan/.m2/repository/org/ow2/asm/asm/5.0.3/asm-5.0.3.jar:/Users/pavan/.m2/repository/org/slf4j/slf4j-api/1.7.16/slf4j-api-1.7.16.jar:/Users/pavan/.m2/repository/com/jayway/restassured/json-schema-validator/2.2.0/json-schema-validator-2.2.0.jar:/Users/pavan/.m2/repository/org/testng/testng/6.11/testng-6.11.jar:/Users/pavan/.m2/repository/com/beust/jcommander/1.64/jcommander-1.64.jar:/Users/pavan/.m2/repository/org/yaml/snakeyaml/1.17/snakeyaml-1.17.jar:/Users/pavan/.m2/repository/com/aventstack/extentreports/3.1.2/extentreports-3.1.2.jar:/Users/pavan/.m2/repository/org/freemarker/freemarker/2.3.23/freemarker-2.3.23.jar:/Users/pavan/.m2/repository/org/mongodb/mongodb-driver/3.3.0/mongodb-driver-3.3.0.jar:/Users/pavan/.m2/repository/org/mongodb/bson/3.3.0/bson-3.3.0.jar:/Users/pavan/.m2/repository/org/mongodb/mongodb-driver-core/3.3.0/mongodb-driver-core-3.3.0.jar:/Users/pavan/.m2/repository/org/jsoup/jsoup/1.9.2/jsoup-1.9.2.jar:/Users/pavan/.m2/repository/com/google/code/gson/gson/2.8.0/gson-2.8.0.jar:/Users/pavan/.m2/repository/com/relevantcodes/extentreports/2.41.2/extentreports-2.41.2.jar:/Users/pavan/.m2/repository/org/xerial/sqlite-jdbc/3.8.11.1/sqlite-jdbc-3.8.11.1.jar:/Users/pavan/.m2/repository/org/apache/poi/poi/3.9/poi-3.9.jar:/Users/pavan/.m2/repository/commons-codec/commons-codec/1.5/commons-codec-1.5.jar:/Users/pavan/.m2/repository/com/jcraft/jsch/0.1.54/jsch-0.1.54.jar:/Users/pavan/.m2/repository/ch/ethz/ganymed/ganymed-ssh2/262/ganymed-ssh2-262.jar:/Users/pavan/.m2/repository/org/apache/maven/surefire/surefire-testng-utils/2.20.1/surefire-testng-utils-2.20.1.jar:/Users/pavan/.m2/repository/org/apache/maven/surefire/surefire-grouper/2.20.1/surefire-grouper-2.20.1.jar:"/>
    <property name="java.vm.vendor" value="Oracle Corporation"/>
    <property name="sun.arch.data.model" value="64"/>
    <property name="java.vendor.url" value="http://java.oracle.com/"/>
    <property name="user.timezone" value=""/>
    <property name="java.vm.specification.version" value="1.8"/>
    <property name="os.name" value="Mac OS X"/>
    <property name="user.country" value="IN"/>
    <property name="sun.java.launcher" value="SUN_STANDARD"/>
    <property name="sun.boot.library.path" value="/Library/Java/JavaVirtualMachines/jdk1.8.0_171.jdk/Contents/Home/jre/lib"/>
    <property name="sun.java.command" value="/Users/pavan/PlivoApiTestingAssignment/target/surefire/surefirebooter3209463979569022885.jar /Users/pavan/PlivoApiTestingAssignment/target/surefire 2018-10-17T16-10-30_702-jvmRun1 surefire5068581998578913215tmp surefire_07962715003229200753tmp"/>
    <property name="surefire.test.class.path" value="/Users/pavan/PlivoApiTestingAssignment/target/test-classes:/Users/pavan/PlivoApiTestingAssignment/target/classes:/Users/pavan/.m2/repository/io/rest-assured/rest-assured/3.1.0/rest-assured-3.1.0.jar:/Users/pavan/.m2/repository/org/codehaus/groovy/groovy/2.4.12/groovy-2.4.12.jar:/Users/pavan/.m2/repository/org/codehaus/groovy/groovy-xml/2.4.12/groovy-xml-2.4.12.jar:/Users/pavan/.m2/repository/org/apache/httpcomponents/httpclient/4.5.3/httpclient-4.5.3.jar:/Users/pavan/.m2/repository/org/apache/httpcomponents/httpcore/4.4.6/httpcore-4.4.6.jar:/Users/pavan/.m2/repository/commons-logging/commons-logging/1.2/commons-logging-1.2.jar:/Users/pavan/.m2/repository/org/apache/httpcomponents/httpmime/4.5.1/httpmime-4.5.1.jar:/Users/pavan/.m2/repository/org/hamcrest/hamcrest-core/1.3/hamcrest-core-1.3.jar:/Users/pavan/.m2/repository/org/hamcrest/hamcrest-library/1.3/hamcrest-library-1.3.jar:/Users/pavan/.m2/repository/org/ccil/cowan/tagsoup/tagsoup/1.2.1/tagsoup-1.2.1.jar:/Users/pavan/.m2/repository/io/rest-assured/xml-path/3.1.0/xml-path-3.1.0.jar:/Users/pavan/.m2/repository/org/apache/commons/commons-lang3/3.4/commons-lang3-3.4.jar:/Users/pavan/.m2/repository/javax/xml/bind/jaxb-api/2.2.12/jaxb-api-2.2.12.jar:/Users/pavan/.m2/repository/io/rest-assured/json-schema-validator/3.1.0/json-schema-validator-3.1.0.jar:/Users/pavan/.m2/repository/com/github/fge/json-schema-validator/2.2.6/json-schema-validator-2.2.6.jar:/Users/pavan/.m2/repository/com/google/code/findbugs/jsr305/3.0.0/jsr305-3.0.0.jar:/Users/pavan/.m2/repository/joda-time/joda-time/2.3/joda-time-2.3.jar:/Users/pavan/.m2/repository/com/googlecode/libphonenumber/libphonenumber/6.2/libphonenumber-6.2.jar:/Users/pavan/.m2/repository/com/github/fge/json-schema-core/1.2.5/json-schema-core-1.2.5.jar:/Users/pavan/.m2/repository/com/github/fge/uri-template/0.9/uri-template-0.9.jar:/Users/pavan/.m2/repository/com/github/fge/msg-simple/1.1/msg-simple-1.1.jar:/Users/pavan/.m2/repository/com/github/fge/btf/1.2/btf-1.2.jar:/Users/pavan/.m2/repository/com/google/guava/guava/16.0.1/guava-16.0.1.jar:/Users/pavan/.m2/repository/com/github/fge/jackson-coreutils/1.8/jackson-coreutils-1.8.jar:/Users/pavan/.m2/repository/com/fasterxml/jackson/core/jackson-databind/2.2.3/jackson-databind-2.2.3.jar:/Users/pavan/.m2/repository/com/fasterxml/jackson/core/jackson-annotations/2.2.3/jackson-annotations-2.2.3.jar:/Users/pavan/.m2/repository/com/fasterxml/jackson/core/jackson-core/2.2.3/jackson-core-2.2.3.jar:/Users/pavan/.m2/repository/org/mozilla/rhino/1.7R4/rhino-1.7R4.jar:/Users/pavan/.m2/repository/javax/mail/mailapi/1.4.3/mailapi-1.4.3.jar:/Users/pavan/.m2/repository/javax/activation/activation/1.1/activation-1.1.jar:/Users/pavan/.m2/repository/net/sf/jopt-simple/jopt-simple/4.6/jopt-simple-4.6.jar:/Users/pavan/.m2/repository/io/rest-assured/json-path/3.1.0/json-path-3.1.0.jar:/Users/pavan/.m2/repository/org/codehaus/groovy/groovy-json/2.4.12/groovy-json-2.4.12.jar:/Users/pavan/.m2/repository/io/rest-assured/rest-assured-common/3.1.0/rest-assured-common-3.1.0.jar:/Users/pavan/.m2/repository/com/jayway/jsonpath/json-path/2.2.0/json-path-2.2.0.jar:/Users/pavan/.m2/repository/net/minidev/json-smart/2.2.1/json-smart-2.2.1.jar:/Users/pavan/.m2/repository/net/minidev/accessors-smart/1.1/accessors-smart-1.1.jar:/Users/pavan/.m2/repository/org/ow2/asm/asm/5.0.3/asm-5.0.3.jar:/Users/pavan/.m2/repository/org/slf4j/slf4j-api/1.7.16/slf4j-api-1.7.16.jar:/Users/pavan/.m2/repository/com/jayway/restassured/json-schema-validator/2.2.0/json-schema-validator-2.2.0.jar:/Users/pavan/.m2/repository/org/testng/testng/6.11/testng-6.11.jar:/Users/pavan/.m2/repository/com/beust/jcommander/1.64/jcommander-1.64.jar:/Users/pavan/.m2/repository/org/yaml/snakeyaml/1.17/snakeyaml-1.17.jar:/Users/pavan/.m2/repository/com/aventstack/extentreports/3.1.2/extentreports-3.1.2.jar:/Users/pavan/.m2/repository/org/freemarker/freemarker/2.3.23/freemarker-2.3.23.jar:/Users/pavan/.m2/repository/org/mongodb/mongodb-driver/3.3.0/mongodb-driver-3.3.0.jar:/Users/pavan/.m2/repository/org/mongodb/bson/3.3.0/bson-3.3.0.jar:/Users/pavan/.m2/repository/org/mongodb/mongodb-driver-core/3.3.0/mongodb-driver-core-3.3.0.jar:/Users/pavan/.m2/repository/org/jsoup/jsoup/1.9.2/jsoup-1.9.2.jar:/Users/pavan/.m2/repository/com/google/code/gson/gson/2.8.0/gson-2.8.0.jar:/Users/pavan/.m2/repository/com/relevantcodes/extentreports/2.41.2/extentreports-2.41.2.jar:/Users/pavan/.m2/repository/org/xerial/sqlite-jdbc/3.8.11.1/sqlite-jdbc-3.8.11.1.jar:/Users/pavan/.m2/repository/org/apache/poi/poi/3.9/poi-3.9.jar:/Users/pavan/.m2/repository/commons-codec/commons-codec/1.5/commons-codec-1.5.jar:/Users/pavan/.m2/repository/com/jcraft/jsch/0.1.54/jsch-0.1.54.jar:/Users/pavan/.m2/repository/ch/ethz/ganymed/ganymed-ssh2/262/ganymed-ssh2-262.jar:/Users/pavan/.m2/repository/org/apache/maven/surefire/surefire-testng-utils/2.20.1/surefire-testng-utils-2.20.1.jar:/Users/pavan/.m2/repository/org/apache/maven/surefire/surefire-grouper/2.20.1/surefire-grouper-2.20.1.jar:"/>
    <property name="sun.cpu.endian" value="little"/>
    <property name="user.home" value="/Users/pavan"/>
    <property name="user.language" value="en"/>
    <property name="java.specification.vendor" value="Oracle Corporation"/>
    <property name="java.home" value="/Library/Java/JavaVirtualMachines/jdk1.8.0_171.jdk/Contents/Home/jre"/>
    <property name="basedir" value="/Users/pavan/PlivoApiTestingAssignment"/>
    <property name="file.separator" value="/"/>
    <property name="line.separator" value="&#10;"/>
    <property name="java.vm.specification.vendor" value="Oracle Corporation"/>
    <property name="java.specification.name" value="Java Platform API Specification"/>
    <property name="java.awt.graphicsenv" value="sun.awt.CGraphicsEnvironment"/>
    <property name="surefire.real.class.path" value="/Users/pavan/PlivoApiTestingAssignment/target/surefire/surefirebooter3209463979569022885.jar"/>
    <property name="sun.boot.class.path" value="/Library/Java/JavaVirtualMachines/jdk1.8.0_171.jdk/Contents/Home/jre/lib/resources.jar:/Library/Java/JavaVirtualMachines/jdk1.8.0_171.jdk/Contents/Home/jre/lib/rt.jar:/Library/Java/JavaVirtualMachines/jdk1.8.0_171.jdk/Contents/Home/jre/lib/sunrsasign.jar:/Library/Java/JavaVirtualMachines/jdk1.8.0_171.jdk/Contents/Home/jre/lib/jsse.jar:/Library/Java/JavaVirtualMachines/jdk1.8.0_171.jdk/Contents/Home/jre/lib/jce.jar:/Library/Java/JavaVirtualMachines/jdk1.8.0_171.jdk/Contents/Home/jre/lib/charsets.jar:/Library/Java/JavaVirtualMachines/jdk1.8.0_171.jdk/Contents/Home/jre/lib/jfr.jar:/Library/Java/JavaVirtualMachines/jdk1.8.0_171.jdk/Contents/Home/jre/classes"/>
    <property name="sun.management.compiler" value="HotSpot 64-Bit Tiered Compilers"/>
    <property name="java.runtime.version" value="1.8.0_171-b11"/>
    <property name="user.name" value="pavan"/>
    <property name="path.separator" value=":"/>
    <property name="os.version" value="10.14"/>
    <property name="java.endorsed.dirs" value="/Library/Java/JavaVirtualMachines/jdk1.8.0_171.jdk/Contents/Home/jre/lib/endorsed"/>
    <property name="java.runtime.name" value="Java(TM) SE Runtime Environment"/>
    <property name="file.encoding" value="UTF-8"/>
    <property name="java.vm.name" value="Java HotSpot(TM) 64-Bit Server VM"/>
    <property name="localRepository" value="/Users/pavan/.m2/repository"/>
    <property name="java.vendor.url.bug" value="http://bugreport.sun.com/bugreport/"/>
    <property name="java.io.tmpdir" value="/var/folders/31/qk7gbkl96sg52rmfdr2qzxm40000gp/T/"/>
    <property name="java.version" value="1.8.0_171"/>
    <property name="user.dir" value="/Users/pavan/PlivoApiTestingAssignment"/>
    <property name="os.arch" value="x86_64"/>
    <property name="java.vm.specification.name" value="Java Virtual Machine Specification"/>
    <property name="java.awt.printerjob" value="sun.lwawt.macosx.CPrinterJob"/>
    <property name="sun.os.patch.level" value="unknown"/>
    <property name="java.library.path" value="/Users/pavan/Library/Java/Extensions:/Library/Java/Extensions:/Network/Library/Java/Extensions:/System/Library/Java/Extensions:/usr/lib/java:."/>
    <property name="java.vm.info" value="mixed mode"/>
    <property name="java.vendor" value="Oracle Corporation"/>
    <property name="java.vm.version" value="25.171-b11"/>
    <property name="java.ext.dirs" value="/Users/pavan/Library/Java/Extensions:/Library/Java/JavaVirtualMachines/jdk1.8.0_171.jdk/Contents/Home/jre/lib/ext:/Library/Java/Extensions:/Network/Library/Java/Extensions:/System/Library/Java/Extensions:/usr/lib/java"/>
    <property name="sun.io.unicode.encoding" value="UnicodeBig"/>
    <property name="java.class.version" value="52.0"/>
  </properties>
  <testcase name="getAllNumbers" classname="com.plivo.testcases.EndToEndTestScenario" time="4.764"/>
  <testcase name="postMessage" classname="com.plivo.testcases.EndToEndTestScenario" time="2.167"/>
  <testcase name="getMessageDetails" classname="com.plivo.testcases.EndToEndTestScenario" time="2.201"/>
  <testcase name="getPricing" classname="com.plivo.testcases.EndToEndTestScenario" time="2.889"/>
  <testcase name="accountdetails" classname="com.plivo.testcases.EndToEndTestScenario" time="2.584"/>
</testsuite>