<?xml version="1.0" encoding="UTF-8"?>
<!-- Generated by org.testng.reporters.JUnitReportReporter -->
<testsuite skipped="0" hostname="197BLRMB4000039.local" name="com.plivo.testcases.EndToEndTestScenario" tests="5" failures="0" timestamp="17 Oct 2018 10:40:56 GMT" time="15.096" errors="0">
  <testcase name="getAllNumbers" time="4.807" classname="com.plivo.testcases.EndToEndTestScenario"/>
  <testcase name="postMessage" time="2.199" classname="com.plivo.testcases.EndToEndTestScenario"/>
  <testcase name="getMessageDetails" time="2.541" classname="com.plivo.testcases.EndToEndTestScenario"/>
  <testcase name="getPricing" time="2.930" classname="com.plivo.testcases.EndToEndTestScenario"/>
  <testcase name="accountdetails" time="2.619" classname="com.plivo.testcases.EndToEndTestScenario"/>
</testsuite> <!-- com.plivo.testcases.EndToEndTestScenario -->
